/public/home/lihf_hx/yyc/森林火险模型/forestfire_train_2023_7_26/forestfire
/public/home/lihf_hx/yyc/森林火险模型/forestfire_train_2023_7_26/forestfire
/public/home/lihf_hx/yyc/森林火险模型/forestfire_train_2023_7_26/forestfire
/public/home/lihf_hx/yyc/森林火险模型/forestfire_train_2023_7_26/read_micaps/预报样例数据/气象要素/tmin/2023111308.006
/public/home/lihf_hx/yyc/森林火险模型/forestfire_train_2023_7_26/read_micaps/预报样例数据/气象要素/tmin/2023111308.030
/public/home/lihf_hx/yyc/森林火险模型/forestfire_train_2023_7_26/read_micaps/预报样例数据/气象要素/tmin/2023111308.054
/public/home/lihf_hx/yyc/森林火险模型/forestfire_train_2023_7_26/read_micaps/预报样例数据/气象要素/tmin/2023111308.078
/public/home/lihf_hx/yyc/森林火险模型/forestfire_train_2023_7_26/read_micaps/预报样例数据/气象要素/tmin/2023111308.102
/public/home/lihf_hx/yyc/森林火险模型/forestfire_train_2023_7_26/read_micaps/预报样例数据/气象要素/tmin/2023111308.126
/public/home/lihf_hx/yyc/森林火险模型/forestfire_train_2023_7_26/read_micaps/预报样例数据/气象要素/tmin/2023111308.150
/public/home/lihf_hx/yyc/森林火险模型/forestfire_train_2023_7_26/read_micaps/预报样例数据/气象要素/tmin/2023111308.174
/public/home/lihf_hx/yyc/森林火险模型/forestfire_train_2023_7_26/read_micaps/预报样例数据/气象要素/tmin/2023111308.198
/public/home/lihf_hx/yyc/森林火险模型/forestfire_train_2023_7_26/read_micaps/预报样例数据/气象要素/tmin/2023111308.222
正在处理的tmin文件时间： 2023-11-13 00:00:00
正在处理的tmin文件时间： 2023-11-14 00:00:00
正在处理的tmin文件时间： 2023-11-15 00:00:00
正在处理的tmin文件时间： 2023-11-16 00:00:00
正在处理的tmin文件时间： 2023-11-17 00:00:00
正在处理的tmin文件时间： 2023-11-18 00:00:00
正在处理的tmin文件时间： 2023-11-19 00:00:00
正在处理的tmin文件时间： 2023-11-20 00:00:00
正在处理的tmin文件时间： 2023-11-21 00:00:00
正在处理的tmin文件时间： 2023-11-22 00:00:00
/public/home/lihf_hx/yyc/森林火险模型/forestfire_train_2023_7_26/read_micaps/预报样例数据/气象要素/tmax/2023111308.006
/public/home/lihf_hx/yyc/森林火险模型/forestfire_train_2023_7_26/read_micaps/预报样例数据/气象要素/tmax/2023111308.030
/public/home/lihf_hx/yyc/森林火险模型/forestfire_train_2023_7_26/read_micaps/预报样例数据/气象要素/tmax/2023111308.054
/public/home/lihf_hx/yyc/森林火险模型/forestfire_train_2023_7_26/read_micaps/预报样例数据/气象要素/tmax/2023111308.078
/public/home/lihf_hx/yyc/森林火险模型/forestfire_train_2023_7_26/read_micaps/预报样例数据/气象要素/tmax/2023111308.102
/public/home/lihf_hx/yyc/森林火险模型/forestfire_train_2023_7_26/read_micaps/预报样例数据/气象要素/tmax/2023111308.126
/public/home/lihf_hx/yyc/森林火险模型/forestfire_train_2023_7_26/read_micaps/预报样例数据/气象要素/tmax/2023111308.150
/public/home/lihf_hx/yyc/森林火险模型/forestfire_train_2023_7_26/read_micaps/预报样例数据/气象要素/tmax/2023111308.174
/public/home/lihf_hx/yyc/森林火险模型/forestfire_train_2023_7_26/read_micaps/预报样例数据/气象要素/tmax/2023111308.198
/public/home/lihf_hx/yyc/森林火险模型/forestfire_train_2023_7_26/read_micaps/预报样例数据/气象要素/tmax/2023111308.222
正在处理的tmax文件时间： 2023-11-13 00:00:00
正在处理的tmax文件时间： 2023-11-14 00:00:00
正在处理的tmax文件时间： 2023-11-15 00:00:00
正在处理的tmax文件时间： 2023-11-16 00:00:00
正在处理的tmax文件时间： 2023-11-17 00:00:00
正在处理的tmax文件时间： 2023-11-18 00:00:00
正在处理的tmax文件时间： 2023-11-19 00:00:00
正在处理的tmax文件时间： 2023-11-20 00:00:00
正在处理的tmax文件时间： 2023-11-21 00:00:00
正在处理的tmax文件时间： 2023-11-22 00:00:00
/public/home/lihf_hx/yyc/森林火险模型/forestfire_train_2023_7_26/read_micaps/预报样例数据/气象要素/rh/2023111308.006
/public/home/lihf_hx/yyc/森林火险模型/forestfire_train_2023_7_26/read_micaps/预报样例数据/气象要素/rh/2023111308.030
/public/home/lihf_hx/yyc/森林火险模型/forestfire_train_2023_7_26/read_micaps/预报样例数据/气象要素/rh/2023111308.054
/public/home/lihf_hx/yyc/森林火险模型/forestfire_train_2023_7_26/read_micaps/预报样例数据/气象要素/rh/2023111308.078
/public/home/lihf_hx/yyc/森林火险模型/forestfire_train_2023_7_26/read_micaps/预报样例数据/气象要素/rh/2023111308.102
/public/home/lihf_hx/yyc/森林火险模型/forestfire_train_2023_7_26/read_micaps/预报样例数据/气象要素/rh/2023111308.126
/public/home/lihf_hx/yyc/森林火险模型/forestfire_train_2023_7_26/read_micaps/预报样例数据/气象要素/rh/2023111308.150
/public/home/lihf_hx/yyc/森林火险模型/forestfire_train_2023_7_26/read_micaps/预报样例数据/气象要素/rh/2023111308.174
/public/home/lihf_hx/yyc/森林火险模型/forestfire_train_2023_7_26/read_micaps/预报样例数据/气象要素/rh/2023111308.198
/public/home/lihf_hx/yyc/森林火险模型/forestfire_train_2023_7_26/read_micaps/预报样例数据/气象要素/rh/2023111308.222
正在处理的rh文件时间： 2023-11-13 00:00:00
正在处理的rh文件时间： 2023-11-14 00:00:00
正在处理的rh文件时间： 2023-11-15 00:00:00
正在处理的rh文件时间： 2023-11-16 00:00:00
正在处理的rh文件时间： 2023-11-17 00:00:00
正在处理的rh文件时间： 2023-11-18 00:00:00
正在处理的rh文件时间： 2023-11-19 00:00:00
正在处理的rh文件时间： 2023-11-20 00:00:00
正在处理的rh文件时间： 2023-11-21 00:00:00
